<?xml version="1.0" encoding="UTF-8"?>
<!-- Generated by org.testng.reporters.JUnitReportReporter -->
<testsuite hostname="Ramprasanths-MacBook-Pro.local" failures="0" tests="1" name="com.vapasi.ParallelTest" time="6.240" errors="0" timestamp="2021-11-17T11:27:17 IST" skipped="0">
  <testcase classname="com.vapasi.ParallelTest" name="test1" time="6.240"/>
  <system-out/>
</testsuite> <!-- com.vapasi.ParallelTest -->
